@slxfig.lis
@INSTALL
@README
@TODO
@COPYING
@changes.txt
@configure 0755
@autoconf/Makefile.in
@autoconf/aclocal.m4
@autoconf/config.guess 0755
@autoconf/config.sub 0755
@autoconf/configure.ac
@autoconf/install.sh 0755
@autoconf/mkinsdir.sh 0755
@autoconf/Makefile
@doc/tm/Makefile
@doc/tm/fixtex.sl
@doc/tm/slxfig.tm
@doc/help/slxfig.hlp
@doc/help/gcontour.hlp
@doc/text/slxfig.txt
@examples/Makefile
@examples/Makefile.sub
@examples/run.sl 0755
@examples/slxfigrc
@examples/draw/inclinometer.sl
@examples/draw/Makefile
@examples/pict/colormaps.sl
@examples/pict/Makefile
@examples/plot/Makefile
@examples/plot/axisxform.sl
@examples/plot/color.sl
@examples/plot/colors.sl
@examples/plot/errbar.sl
@examples/plot/font-style.sl
@examples/plot/histplt.sl
@examples/plot/image.sl
@examples/plot/Makefile
@examples/plot/multiplot.sl
@examples/plot/multiplot2.sl
@examples/plot/overlay.sl
@examples/plot/project.sl
@examples/plot/scatter.sl
@examples/plot/simple.sl
@examples/plot/subplot.sl
@examples/plot/symbol.sl
@examples/plot/scatter.sl
@examples/plot/ticlabels.sl
@examples/plot/world.sl
@examples/polyline/arrows.sl
@examples/polyline/Makefile
@src/Makefile.in
@src/config.hin
@src/gcontour-module.c
@src/gcontour.sl
@src/mkversion.sh 0755
@src/version.h
@src/xfig.sl
@src/vector.sl
@src/xfig/clip.sl
@src/xfig/core.sl
@src/xfig/ellipse.sl
@src/xfig/latex.sl
@src/xfig/objects.sl
@src/xfig/plot.sl
@src/xfig/png.sl
@src/xfig/polyline.sl
@src/xfig/text.sl
@src/tests/setup.sl
@src/tests/test_ellipse.sl
@src/tests/test_hplot-shaded.sl
@src/tests/test_multiplot_align_ylabels.sl
@src/tests/test_plot_axis-labels.sl
@src/tests/test_plot_scale.sl
@src/tests/test_plot_ticlabels-confine.sl
@src/tests/test_textrotate.sl
